<?xml version="1.0" encoding="UTF-8"?>
<!-- Generated by org.testng.reporters.JUnitXMLReporter -->
<testsuite hostname="DESKTOP-OCHAU49" ignored="0" name="Command line test" tests="6" failures="0" timestamp="2021-03-08T20:38:44 EST" time="0.045" errors="0">
  <testcase name="Test" time="0.004" classname="com.Calculator.Test.TestUnit"/>
  <testcase name="Test1" time="0.0" classname="com.Calculator.Test.TestUnit"/>
  <testcase name="Test2" time="0.0" classname="com.Calculator.Test.TestUnit"/>
  <testcase name="Test3" time="0.0" classname="com.Calculator.Test.TestUnit"/>
  <testcase name="TestFalse" time="0.0" classname="com.Calculator.Test.TestUnit"/>
  <testcase name="Testnull" time="0.0" classname="com.Calculator.Test.TestUnit"/>
</testsuite> <!-- Command line test -->
