<?xml version="1.0" encoding="UTF-8"?>
<!-- Generated by org.testng.reporters.JUnitXMLReporter -->
<testsuite hostname="DESKTOP-OCHAU49" ignored="0" name="Regression" tests="6" failures="0" timestamp="09 Mar 2021 01:56:42 GMT" time="0.051" errors="0">
  <testcase name="Test" time="0.005" classname="com.Calculator.Test.TestUnit"/>
  <testcase name="Test1" time="0.003" classname="com.Calculator.Test.TestUnit"/>
  <testcase name="Test2" time="0.001" classname="com.Calculator.Test.TestUnit"/>
  <testcase name="Test3" time="0.001" classname="com.Calculator.Test.TestUnit"/>
  <testcase name="TestFalse" time="0.0" classname="com.Calculator.Test.TestUnit"/>
  <testcase name="Testnull" time="0.001" classname="com.Calculator.Test.TestUnit"/>
</testsuite> <!-- Regression -->
