<?xml version="1.0" encoding="UTF-8"?>
<!-- Generated by org.testng.reporters.JUnitXMLReporter -->
<testsuite hostname="DESKTOP-OCHAU49" ignored="2" name="all test" tests="10" failures="0" timestamp="09 Mar 2021 04:04:49 GMT" time="0.04" errors="0">
  <testcase name="Test" time="0.002" classname="com.Calculator.Test.TestUnit"/>
  <testcase name="Test" time="0.001" classname="com.Calculator.Test.TestUnit"/>
  <testcase name="Test" time="0.001" classname="com.Calculator.Test.TestUnit"/>
  <testcase name="Test" time="0.001" classname="com.Calculator.Test.TestUnit"/>
  <testcase name="Test2" time="0.001" classname="com.Calculator.Test.TestUnit"/>
  <testcase name="Test3" time="0.001" classname="com.Calculator.Test.TestUnit"/>
  <testcase name="TestFalse" time="0.001" classname="com.Calculator.Test.TestUnit"/>
  <testcase name="TestFalse" time="0.0" classname="com.Calculator.Test.TestUnit"/>
  <testcase name="TestFalse" time="0.001" classname="com.Calculator.Test.TestUnit"/>
  <testcase name="TestFalse" time="0.001" classname="com.Calculator.Test.TestUnit"/>
  <testcase name="Testnull" time="0.0" classname="com.Calculator.Test.TestUnit">
    <ignored/>
  </testcase> <!-- Testnull -->
  <testcase name="Test1" time="0.0" classname="com.Calculator.Test.TestUnit">
    <ignored/>
  </testcase> <!-- Test1 -->
</testsuite> <!-- all test -->
