<?xml version="1.0" encoding="UTF-8"?>
<!-- Generated by org.testng.reporters.JUnitXMLReporter -->
<testsuite hostname="DESKTOP-OCHAU49" ignored="5" name="Two Parameter" tests="1" failures="0" timestamp="09 Mar 2021 03:44:09 GMT" time="0.026" errors="0">
  <testcase name="Test1" time="0.006" classname="com.Calculator.Test.TestUnit"/>
  <testcase name="TestFalse" time="0.0" classname="com.Calculator.Test.TestUnit">
    <ignored/>
  </testcase> <!-- TestFalse -->
  <testcase name="Testnull" time="0.0" classname="com.Calculator.Test.TestUnit">
    <ignored/>
  </testcase> <!-- Testnull -->
  <testcase name="Test" time="0.0" classname="com.Calculator.Test.TestUnit">
    <ignored/>
  </testcase> <!-- Test -->
  <testcase name="Test2" time="0.0" classname="com.Calculator.Test.TestUnit">
    <ignored/>
  </testcase> <!-- Test2 -->
  <testcase name="Test3" time="0.0" classname="com.Calculator.Test.TestUnit">
    <ignored/>
  </testcase> <!-- Test3 -->
</testsuite> <!-- Two Parameter -->
