<?xml version="1.0" encoding="UTF-8"?>
<!-- Generated by org.testng.reporters.JUnitXMLReporter -->
<testsuite hostname="DESKTOP-OCHAU49" ignored="5" name="one null value" tests="1" failures="0" timestamp="09 Mar 2021 04:04:48 GMT" time="0.004" errors="0">
  <testcase name="Testnull" time="0.001" classname="com.Calculator.Test.TestUnit"/>
  <testcase name="TestFalse" time="0.0" classname="com.Calculator.Test.TestUnit">
    <ignored/>
  </testcase> <!-- TestFalse -->
  <testcase name="Test1" time="0.0" classname="com.Calculator.Test.TestUnit">
    <ignored/>
  </testcase> <!-- Test1 -->
  <testcase name="Test" time="0.0" classname="com.Calculator.Test.TestUnit">
    <ignored/>
  </testcase> <!-- Test -->
  <testcase name="Test2" time="0.0" classname="com.Calculator.Test.TestUnit">
    <ignored/>
  </testcase> <!-- Test2 -->
  <testcase name="Test3" time="0.0" classname="com.Calculator.Test.TestUnit">
    <ignored/>
  </testcase> <!-- Test3 -->
</testsuite> <!-- one null value -->
