<?xml version="1.0" encoding="UTF-8"?>
<testng-results skipped="0" failed="0" ignored="12" total="24" passed="12">
  <reporter-output>
  </reporter-output>
  <suite name="Calculator no null" duration-ms="40" started-at="2021-03-09T04:04:48Z" finished-at="2021-03-09T04:04:49Z">
    <groups>
    </groups>
    <test name="all test" duration-ms="40" started-at="2021-03-09T04:04:48Z" finished-at="2021-03-09T04:04:49Z">
      <class name="com.Calculator.Test.TestUnit">
        <test-method status="PASS" signature="runOnce()[pri:0, instance:com.Calculator.Test.TestUnit@5f341870]" name="runOnce" is-config="true" duration-ms="0" started-at="2021-03-09T04:04:48Z" finished-at="2021-03-09T04:04:48Z">
          <reporter-output>
          </reporter-output>
        </test-method> <!-- runOnce -->
        <test-method status="PASS" signature="runOnceClass()[pri:0, instance:com.Calculator.Test.TestUnit@5f341870]" name="runOnceClass" is-config="true" duration-ms="1" started-at="2021-03-09T04:04:48Z" finished-at="2021-03-09T04:04:48Z">
          <reporter-output>
          </reporter-output>
        </test-method> <!-- runOnceClass -->
        <test-method status="PASS" signature="runMessage2()[pri:0, instance:com.Calculator.Test.TestUnit@5f341870]" name="runMessage2" is-config="true" duration-ms="0" started-at="2021-03-09T04:04:48Z" finished-at="2021-03-09T04:04:48Z">
          <reporter-output>
          </reporter-output>
        </test-method> <!-- runMessage2 -->
        <test-method status="PASS" signature="runMessage3()[pri:0, instance:com.Calculator.Test.TestUnit@5f341870]" name="runMessage3" is-config="true" duration-ms="1" started-at="2021-03-09T04:04:48Z" finished-at="2021-03-09T04:04:49Z">
          <reporter-output>
          </reporter-output>
        </test-method> <!-- runMessage3 -->
        <test-method status="PASS" signature="initialize()[pri:0, instance:com.Calculator.Test.TestUnit@5f341870]" name="initialize" is-config="true" duration-ms="0" started-at="2021-03-09T04:04:48Z" finished-at="2021-03-09T04:04:48Z">
          <reporter-output>
          </reporter-output>
        </test-method> <!-- initialize -->
        <test-method status="PASS" signature="runMessage1()[pri:0, instance:com.Calculator.Test.TestUnit@5f341870]" name="runMessage1" is-config="true" duration-ms="0" started-at="2021-03-09T04:04:48Z" finished-at="2021-03-09T04:04:48Z">
          <reporter-output>
          </reporter-output>
        </test-method> <!-- runMessage1 -->
        <test-method status="PASS" signature="runMessage4()[pri:0, instance:com.Calculator.Test.TestUnit@5f341870]" name="runMessage4" is-config="true" duration-ms="2" started-at="2021-03-09T04:04:49Z" finished-at="2021-03-09T04:04:49Z">
          <reporter-output>
          </reporter-output>
        </test-method> <!-- runMessage4 -->
        <test-method status="PASS" signature="Test(java.lang.Integer, java.lang.Integer)[pri:0, instance:com.Calculator.Test.TestUnit@5f341870]" name="Test" duration-ms="2" started-at="2021-03-09T04:04:49Z" data-provider="set1" finished-at="2021-03-09T04:04:49Z">
          <params>
            <param index="0">
              <value>
                <![CDATA[1]]>
              </value>
            </param>
            <param index="1">
              <value>
                <![CDATA[3]]>
              </value>
            </param>
          </params>
          <reporter-output>
          </reporter-output>
        </test-method> <!-- Test -->
        <test-method status="PASS" signature="initialize()[pri:0, instance:com.Calculator.Test.TestUnit@5f341870]" name="initialize" is-config="true" duration-ms="1" started-at="2021-03-09T04:04:49Z" finished-at="2021-03-09T04:04:49Z">
          <reporter-output>
          </reporter-output>
        </test-method> <!-- initialize -->
        <test-method status="PASS" signature="runMessage1()[pri:0, instance:com.Calculator.Test.TestUnit@5f341870]" name="runMessage1" is-config="true" duration-ms="0" started-at="2021-03-09T04:04:49Z" finished-at="2021-03-09T04:04:49Z">
          <reporter-output>
          </reporter-output>
        </test-method> <!-- runMessage1 -->
        <test-method status="PASS" signature="runMessage2()[pri:0, instance:com.Calculator.Test.TestUnit@5f341870]" name="runMessage2" is-config="true" duration-ms="1" started-at="2021-03-09T04:04:49Z" finished-at="2021-03-09T04:04:49Z">
          <reporter-output>
          </reporter-output>
        </test-method> <!-- runMessage2 -->
        <test-method status="PASS" signature="Test(java.lang.Integer, java.lang.Integer)[pri:0, instance:com.Calculator.Test.TestUnit@5f341870]" name="Test" duration-ms="1" started-at="2021-03-09T04:04:49Z" data-provider="set1" finished-at="2021-03-09T04:04:49Z">
          <params>
            <param index="0">
              <value>
                <![CDATA[3]]>
              </value>
            </param>
            <param index="1">
              <value>
                <![CDATA[5]]>
              </value>
            </param>
          </params>
          <reporter-output>
          </reporter-output>
        </test-method> <!-- Test -->
        <test-method status="PASS" signature="runMessage4()[pri:0, instance:com.Calculator.Test.TestUnit@5f341870]" name="runMessage4" is-config="true" duration-ms="0" started-at="2021-03-09T04:04:49Z" finished-at="2021-03-09T04:04:49Z">
          <reporter-output>
          </reporter-output>
        </test-method> <!-- runMessage4 -->
        <test-method status="PASS" signature="runMessage3()[pri:0, instance:com.Calculator.Test.TestUnit@5f341870]" name="runMessage3" is-config="true" duration-ms="0" started-at="2021-03-09T04:04:49Z" finished-at="2021-03-09T04:04:49Z">
          <reporter-output>
          </reporter-output>
        </test-method> <!-- runMessage3 -->
        <test-method status="PASS" signature="initialize()[pri:0, instance:com.Calculator.Test.TestUnit@5f341870]" name="initialize" is-config="true" duration-ms="0" started-at="2021-03-09T04:04:49Z" finished-at="2021-03-09T04:04:49Z">
          <reporter-output>
          </reporter-output>
        </test-method> <!-- initialize -->
        <test-method status="PASS" signature="runMessage1()[pri:0, instance:com.Calculator.Test.TestUnit@5f341870]" name="runMessage1" is-config="true" duration-ms="0" started-at="2021-03-09T04:04:49Z" finished-at="2021-03-09T04:04:49Z">
          <reporter-output>
          </reporter-output>
        </test-method> <!-- runMessage1 -->
        <test-method status="PASS" signature="runMessage2()[pri:0, instance:com.Calculator.Test.TestUnit@5f341870]" name="runMessage2" is-config="true" duration-ms="1" started-at="2021-03-09T04:04:49Z" finished-at="2021-03-09T04:04:49Z">
          <reporter-output>
          </reporter-output>
        </test-method> <!-- runMessage2 -->
        <test-method status="PASS" signature="runMessage4()[pri:0, instance:com.Calculator.Test.TestUnit@5f341870]" name="runMessage4" is-config="true" duration-ms="0" started-at="2021-03-09T04:04:49Z" finished-at="2021-03-09T04:04:49Z">
          <reporter-output>
          </reporter-output>
        </test-method> <!-- runMessage4 -->
        <test-method status="PASS" signature="Test(java.lang.Integer, java.lang.Integer)[pri:0, instance:com.Calculator.Test.TestUnit@5f341870]" name="Test" duration-ms="1" started-at="2021-03-09T04:04:49Z" data-provider="set1" finished-at="2021-03-09T04:04:49Z">
          <params>
            <param index="0">
              <value>
                <![CDATA[2]]>
              </value>
            </param>
            <param index="1">
              <value is-null="true"/>
            </param>
          </params>
          <reporter-output>
          </reporter-output>
        </test-method> <!-- Test -->
        <test-method status="PASS" signature="runMessage3()[pri:0, instance:com.Calculator.Test.TestUnit@5f341870]" name="runMessage3" is-config="true" duration-ms="0" started-at="2021-03-09T04:04:49Z" finished-at="2021-03-09T04:04:49Z">
          <reporter-output>
          </reporter-output>
        </test-method> <!-- runMessage3 -->
        <test-method status="PASS" signature="runMessage1()[pri:0, instance:com.Calculator.Test.TestUnit@5f341870]" name="runMessage1" is-config="true" duration-ms="0" started-at="2021-03-09T04:04:49Z" finished-at="2021-03-09T04:04:49Z">
          <reporter-output>
          </reporter-output>
        </test-method> <!-- runMessage1 -->
        <test-method status="PASS" signature="initialize()[pri:0, instance:com.Calculator.Test.TestUnit@5f341870]" name="initialize" is-config="true" duration-ms="0" started-at="2021-03-09T04:04:49Z" finished-at="2021-03-09T04:04:49Z">
          <reporter-output>
          </reporter-output>
        </test-method> <!-- initialize -->
        <test-method status="PASS" signature="runMessage2()[pri:0, instance:com.Calculator.Test.TestUnit@5f341870]" name="runMessage2" is-config="true" duration-ms="1" started-at="2021-03-09T04:04:49Z" finished-at="2021-03-09T04:04:49Z">
          <reporter-output>
          </reporter-output>
        </test-method> <!-- runMessage2 -->
        <test-method status="PASS" signature="Test(java.lang.Integer, java.lang.Integer)[pri:0, instance:com.Calculator.Test.TestUnit@5f341870]" name="Test" duration-ms="1" started-at="2021-03-09T04:04:49Z" data-provider="set1" finished-at="2021-03-09T04:04:49Z">
          <params>
            <param index="0">
              <value is-null="true"/>
            </param>
            <param index="1">
              <value>
                <![CDATA[2]]>
              </value>
            </param>
          </params>
          <reporter-output>
          </reporter-output>
        </test-method> <!-- Test -->
        <test-method status="PASS" signature="runMessage3()[pri:0, instance:com.Calculator.Test.TestUnit@5f341870]" name="runMessage3" is-config="true" duration-ms="0" started-at="2021-03-09T04:04:49Z" finished-at="2021-03-09T04:04:49Z">
          <reporter-output>
          </reporter-output>
        </test-method> <!-- runMessage3 -->
        <test-method status="PASS" signature="runMessage4()[pri:0, instance:com.Calculator.Test.TestUnit@5f341870]" name="runMessage4" is-config="true" duration-ms="0" started-at="2021-03-09T04:04:49Z" finished-at="2021-03-09T04:04:49Z">
          <reporter-output>
          </reporter-output>
        </test-method> <!-- runMessage4 -->
        <test-method status="PASS" signature="runMessage2()[pri:0, instance:com.Calculator.Test.TestUnit@5f341870]" name="runMessage2" is-config="true" duration-ms="0" started-at="2021-03-09T04:04:49Z" finished-at="2021-03-09T04:04:49Z">
          <reporter-output>
          </reporter-output>
        </test-method> <!-- runMessage2 -->
        <test-method status="PASS" signature="runMessage4()[pri:0, instance:com.Calculator.Test.TestUnit@5f341870]" name="runMessage4" is-config="true" duration-ms="0" started-at="2021-03-09T04:04:49Z" finished-at="2021-03-09T04:04:49Z">
          <reporter-output>
          </reporter-output>
        </test-method> <!-- runMessage4 -->
        <test-method status="PASS" signature="initialize()[pri:0, instance:com.Calculator.Test.TestUnit@5f341870]" name="initialize" is-config="true" duration-ms="0" started-at="2021-03-09T04:04:49Z" finished-at="2021-03-09T04:04:49Z">
          <reporter-output>
          </reporter-output>
        </test-method> <!-- initialize -->
        <test-method status="PASS" signature="runMessage3()[pri:0, instance:com.Calculator.Test.TestUnit@5f341870]" name="runMessage3" is-config="true" duration-ms="0" started-at="2021-03-09T04:04:49Z" finished-at="2021-03-09T04:04:49Z">
          <reporter-output>
          </reporter-output>
        </test-method> <!-- runMessage3 -->
        <test-method status="PASS" signature="runMessage1()[pri:0, instance:com.Calculator.Test.TestUnit@5f341870]" name="runMessage1" is-config="true" duration-ms="0" started-at="2021-03-09T04:04:49Z" finished-at="2021-03-09T04:04:49Z">
          <reporter-output>
          </reporter-output>
        </test-method> <!-- runMessage1 -->
        <test-method status="PASS" signature="Test2()[pri:0, instance:com.Calculator.Test.TestUnit@5f341870]" name="Test2" duration-ms="1" started-at="2021-03-09T04:04:49Z" finished-at="2021-03-09T04:04:49Z">
          <reporter-output>
          </reporter-output>
        </test-method> <!-- Test2 -->
        <test-method status="PASS" signature="initialize()[pri:0, instance:com.Calculator.Test.TestUnit@5f341870]" name="initialize" is-config="true" duration-ms="0" started-at="2021-03-09T04:04:49Z" finished-at="2021-03-09T04:04:49Z">
          <reporter-output>
          </reporter-output>
        </test-method> <!-- initialize -->
        <test-method status="PASS" signature="runMessage2()[pri:0, instance:com.Calculator.Test.TestUnit@5f341870]" name="runMessage2" is-config="true" duration-ms="0" started-at="2021-03-09T04:04:49Z" finished-at="2021-03-09T04:04:49Z">
          <reporter-output>
          </reporter-output>
        </test-method> <!-- runMessage2 -->
        <test-method status="PASS" signature="runMessage4()[pri:0, instance:com.Calculator.Test.TestUnit@5f341870]" name="runMessage4" is-config="true" duration-ms="0" started-at="2021-03-09T04:04:49Z" finished-at="2021-03-09T04:04:49Z">
          <reporter-output>
          </reporter-output>
        </test-method> <!-- runMessage4 -->
        <test-method status="PASS" signature="Test3()[pri:0, instance:com.Calculator.Test.TestUnit@5f341870]" name="Test3" duration-ms="1" started-at="2021-03-09T04:04:49Z" finished-at="2021-03-09T04:04:49Z">
          <reporter-output>
          </reporter-output>
        </test-method> <!-- Test3 -->
        <test-method status="PASS" signature="runMessage1()[pri:0, instance:com.Calculator.Test.TestUnit@5f341870]" name="runMessage1" is-config="true" duration-ms="0" started-at="2021-03-09T04:04:49Z" finished-at="2021-03-09T04:04:49Z">
          <reporter-output>
          </reporter-output>
        </test-method> <!-- runMessage1 -->
        <test-method status="PASS" signature="runMessage3()[pri:0, instance:com.Calculator.Test.TestUnit@5f341870]" name="runMessage3" is-config="true" duration-ms="0" started-at="2021-03-09T04:04:49Z" finished-at="2021-03-09T04:04:49Z">
          <reporter-output>
          </reporter-output>
        </test-method> <!-- runMessage3 -->
        <test-method status="PASS" signature="runMessage2()[pri:0, instance:com.Calculator.Test.TestUnit@5f341870]" name="runMessage2" is-config="true" duration-ms="0" started-at="2021-03-09T04:04:49Z" finished-at="2021-03-09T04:04:49Z">
          <reporter-output>
          </reporter-output>
        </test-method> <!-- runMessage2 -->
        <test-method status="PASS" signature="runMessage4()[pri:0, instance:com.Calculator.Test.TestUnit@5f341870]" name="runMessage4" is-config="true" duration-ms="0" started-at="2021-03-09T04:04:49Z" finished-at="2021-03-09T04:04:49Z">
          <reporter-output>
          </reporter-output>
        </test-method> <!-- runMessage4 -->
        <test-method status="PASS" signature="TestFalse(java.lang.Integer, java.lang.Integer)[pri:0, instance:com.Calculator.Test.TestUnit@5f341870]" name="TestFalse" duration-ms="1" started-at="2021-03-09T04:04:49Z" data-provider="set2" finished-at="2021-03-09T04:04:49Z">
          <params>
            <param index="0">
              <value>
                <![CDATA[1]]>
              </value>
            </param>
            <param index="1">
              <value is-null="true"/>
            </param>
          </params>
          <reporter-output>
          </reporter-output>
        </test-method> <!-- TestFalse -->
        <test-method status="PASS" signature="runMessage1()[pri:0, instance:com.Calculator.Test.TestUnit@5f341870]" name="runMessage1" is-config="true" duration-ms="0" started-at="2021-03-09T04:04:49Z" finished-at="2021-03-09T04:04:49Z">
          <reporter-output>
          </reporter-output>
        </test-method> <!-- runMessage1 -->
        <test-method status="PASS" signature="initialize()[pri:0, instance:com.Calculator.Test.TestUnit@5f341870]" name="initialize" is-config="true" duration-ms="0" started-at="2021-03-09T04:04:49Z" finished-at="2021-03-09T04:04:49Z">
          <reporter-output>
          </reporter-output>
        </test-method> <!-- initialize -->
        <test-method status="PASS" signature="runMessage3()[pri:0, instance:com.Calculator.Test.TestUnit@5f341870]" name="runMessage3" is-config="true" duration-ms="0" started-at="2021-03-09T04:04:49Z" finished-at="2021-03-09T04:04:49Z">
          <reporter-output>
          </reporter-output>
        </test-method> <!-- runMessage3 -->
        <test-method status="PASS" signature="runMessage1()[pri:0, instance:com.Calculator.Test.TestUnit@5f341870]" name="runMessage1" is-config="true" duration-ms="0" started-at="2021-03-09T04:04:49Z" finished-at="2021-03-09T04:04:49Z">
          <reporter-output>
          </reporter-output>
        </test-method> <!-- runMessage1 -->
        <test-method status="PASS" signature="runMessage3()[pri:0, instance:com.Calculator.Test.TestUnit@5f341870]" name="runMessage3" is-config="true" duration-ms="0" started-at="2021-03-09T04:04:49Z" finished-at="2021-03-09T04:04:49Z">
          <reporter-output>
          </reporter-output>
        </test-method> <!-- runMessage3 -->
        <test-method status="PASS" signature="runMessage2()[pri:0, instance:com.Calculator.Test.TestUnit@5f341870]" name="runMessage2" is-config="true" duration-ms="0" started-at="2021-03-09T04:04:49Z" finished-at="2021-03-09T04:04:49Z">
          <reporter-output>
          </reporter-output>
        </test-method> <!-- runMessage2 -->
        <test-method status="PASS" signature="initialize()[pri:0, instance:com.Calculator.Test.TestUnit@5f341870]" name="initialize" is-config="true" duration-ms="0" started-at="2021-03-09T04:04:49Z" finished-at="2021-03-09T04:04:49Z">
          <reporter-output>
          </reporter-output>
        </test-method> <!-- initialize -->
        <test-method status="PASS" signature="runMessage4()[pri:0, instance:com.Calculator.Test.TestUnit@5f341870]" name="runMessage4" is-config="true" duration-ms="1" started-at="2021-03-09T04:04:49Z" finished-at="2021-03-09T04:04:49Z">
          <reporter-output>
          </reporter-output>
        </test-method> <!-- runMessage4 -->
        <test-method status="PASS" signature="TestFalse(java.lang.Integer, java.lang.Integer)[pri:0, instance:com.Calculator.Test.TestUnit@5f341870]" name="TestFalse" duration-ms="0" started-at="2021-03-09T04:04:49Z" data-provider="set2" finished-at="2021-03-09T04:04:49Z">
          <params>
            <param index="0">
              <value>
                <![CDATA[3]]>
              </value>
            </param>
            <param index="1">
              <value is-null="true"/>
            </param>
          </params>
          <reporter-output>
          </reporter-output>
        </test-method> <!-- TestFalse -->
        <test-method status="PASS" signature="runMessage3()[pri:0, instance:com.Calculator.Test.TestUnit@5f341870]" name="runMessage3" is-config="true" duration-ms="0" started-at="2021-03-09T04:04:49Z" finished-at="2021-03-09T04:04:49Z">
          <reporter-output>
          </reporter-output>
        </test-method> <!-- runMessage3 -->
        <test-method status="PASS" signature="runMessage2()[pri:0, instance:com.Calculator.Test.TestUnit@5f341870]" name="runMessage2" is-config="true" duration-ms="0" started-at="2021-03-09T04:04:49Z" finished-at="2021-03-09T04:04:49Z">
          <reporter-output>
          </reporter-output>
        </test-method> <!-- runMessage2 -->
        <test-method status="PASS" signature="runMessage4()[pri:0, instance:com.Calculator.Test.TestUnit@5f341870]" name="runMessage4" is-config="true" duration-ms="0" started-at="2021-03-09T04:04:49Z" finished-at="2021-03-09T04:04:49Z">
          <reporter-output>
          </reporter-output>
        </test-method> <!-- runMessage4 -->
        <test-method status="PASS" signature="initialize()[pri:0, instance:com.Calculator.Test.TestUnit@5f341870]" name="initialize" is-config="true" duration-ms="0" started-at="2021-03-09T04:04:49Z" finished-at="2021-03-09T04:04:49Z">
          <reporter-output>
          </reporter-output>
        </test-method> <!-- initialize -->
        <test-method status="PASS" signature="TestFalse(java.lang.Integer, java.lang.Integer)[pri:0, instance:com.Calculator.Test.TestUnit@5f341870]" name="TestFalse" duration-ms="1" started-at="2021-03-09T04:04:49Z" data-provider="set2" finished-at="2021-03-09T04:04:49Z">
          <params>
            <param index="0">
              <value>
                <![CDATA[2]]>
              </value>
            </param>
            <param index="1">
              <value is-null="true"/>
            </param>
          </params>
          <reporter-output>
          </reporter-output>
        </test-method> <!-- TestFalse -->
        <test-method status="PASS" signature="runMessage1()[pri:0, instance:com.Calculator.Test.TestUnit@5f341870]" name="runMessage1" is-config="true" duration-ms="0" started-at="2021-03-09T04:04:49Z" finished-at="2021-03-09T04:04:49Z">
          <reporter-output>
          </reporter-output>
        </test-method> <!-- runMessage1 -->
        <test-method status="PASS" signature="runMessage1()[pri:0, instance:com.Calculator.Test.TestUnit@5f341870]" name="runMessage1" is-config="true" duration-ms="0" started-at="2021-03-09T04:04:49Z" finished-at="2021-03-09T04:04:49Z">
          <reporter-output>
          </reporter-output>
        </test-method> <!-- runMessage1 -->
        <test-method status="PASS" signature="runMessage2()[pri:0, instance:com.Calculator.Test.TestUnit@5f341870]" name="runMessage2" is-config="true" duration-ms="0" started-at="2021-03-09T04:04:49Z" finished-at="2021-03-09T04:04:49Z">
          <reporter-output>
          </reporter-output>
        </test-method> <!-- runMessage2 -->
        <test-method status="PASS" signature="runMessage3()[pri:0, instance:com.Calculator.Test.TestUnit@5f341870]" name="runMessage3" is-config="true" duration-ms="0" started-at="2021-03-09T04:04:49Z" finished-at="2021-03-09T04:04:49Z">
          <reporter-output>
          </reporter-output>
        </test-method> <!-- runMessage3 -->
        <test-method status="PASS" signature="TestFalse(java.lang.Integer, java.lang.Integer)[pri:0, instance:com.Calculator.Test.TestUnit@5f341870]" name="TestFalse" duration-ms="1" started-at="2021-03-09T04:04:49Z" data-provider="set2" finished-at="2021-03-09T04:04:49Z">
          <params>
            <param index="0">
              <value is-null="true"/>
            </param>
            <param index="1">
              <value>
                <![CDATA[2]]>
              </value>
            </param>
          </params>
          <reporter-output>
          </reporter-output>
        </test-method> <!-- TestFalse -->
        <test-method status="PASS" signature="initialize()[pri:0, instance:com.Calculator.Test.TestUnit@5f341870]" name="initialize" is-config="true" duration-ms="0" started-at="2021-03-09T04:04:49Z" finished-at="2021-03-09T04:04:49Z">
          <reporter-output>
          </reporter-output>
        </test-method> <!-- initialize -->
        <test-method status="PASS" signature="runMessage4()[pri:0, instance:com.Calculator.Test.TestUnit@5f341870]" name="runMessage4" is-config="true" duration-ms="0" started-at="2021-03-09T04:04:49Z" finished-at="2021-03-09T04:04:49Z">
          <reporter-output>
          </reporter-output>
        </test-method> <!-- runMessage4 -->
        <test-method status="PASS" signature="runLast()[pri:0, instance:com.Calculator.Test.TestUnit@5f341870]" name="runLast" is-config="true" duration-ms="1" started-at="2021-03-09T04:04:49Z" finished-at="2021-03-09T04:04:49Z">
          <reporter-output>
          </reporter-output>
        </test-method> <!-- runLast -->
      </class> <!-- com.Calculator.Test.TestUnit -->
    </test> <!-- all test -->
  </suite> <!-- Calculator no null -->
  <suite name="TestNG Dadadriver suite" duration-ms="0" started-at="2021-03-09T04:04:49Z" finished-at="2021-03-09T04:04:49Z">
    <groups>
    </groups>
  </suite> <!-- TestNG Dadadriver suite -->
  <suite name="Calculator null" duration-ms="76" started-at="2021-03-09T04:04:48Z" finished-at="2021-03-09T04:04:48Z">
    <groups>
      <group name="nulltester">
        <method signature="TestUnit.Test1(java.lang.Integer, java.lang.Integer)[pri:0, instance:com.Calculator.Test.TestUnit@6f7fd0e6]" name="Test1" class="com.Calculator.Test.TestUnit"/>
        <method signature="TestUnit.Testnull(java.lang.Integer, java.lang.Integer)[pri:0, instance:com.Calculator.Test.TestUnit@239963d8]" name="Testnull" class="com.Calculator.Test.TestUnit"/>
      </group> <!-- nulltester -->
    </groups>
    <test name="Two Parameter" duration-ms="28" started-at="2021-03-09T04:04:48Z" finished-at="2021-03-09T04:04:48Z">
      <class name="com.Calculator.Test.TestUnit">
        <test-method status="PASS" signature="runOnceClass()[pri:0, instance:com.Calculator.Test.TestUnit@6f7fd0e6]" name="runOnceClass" is-config="true" duration-ms="0" started-at="2021-03-09T04:04:48Z" finished-at="2021-03-09T04:04:48Z">
          <reporter-output>
          </reporter-output>
        </test-method> <!-- runOnceClass -->
        <test-method status="PASS" signature="initialize()[pri:0, instance:com.Calculator.Test.TestUnit@6f7fd0e6]" name="initialize" is-config="true" duration-ms="1" started-at="2021-03-09T04:04:48Z" finished-at="2021-03-09T04:04:48Z">
          <reporter-output>
          </reporter-output>
        </test-method> <!-- initialize -->
        <test-method status="PASS" signature="runMessage1()[pri:0, instance:com.Calculator.Test.TestUnit@6f7fd0e6]" name="runMessage1" is-config="true" duration-ms="0" started-at="2021-03-09T04:04:48Z" finished-at="2021-03-09T04:04:48Z">
          <reporter-output>
          </reporter-output>
        </test-method> <!-- runMessage1 -->
        <test-method status="PASS" signature="runMessage2()[pri:0, instance:com.Calculator.Test.TestUnit@6f7fd0e6]" name="runMessage2" is-config="true" duration-ms="1" started-at="2021-03-09T04:04:48Z" finished-at="2021-03-09T04:04:48Z">
          <reporter-output>
          </reporter-output>
        </test-method> <!-- runMessage2 -->
        <test-method status="PASS" signature="Test1(java.lang.Integer, java.lang.Integer)[pri:0, instance:com.Calculator.Test.TestUnit@6f7fd0e6]" name="Test1" duration-ms="5" started-at="2021-03-09T04:04:48Z" finished-at="2021-03-09T04:04:48Z">
          <params>
            <param index="0">
              <value>
                <![CDATA[1]]>
              </value>
            </param>
            <param index="1">
              <value is-null="true"/>
            </param>
          </params>
          <reporter-output>
          </reporter-output>
        </test-method> <!-- Test1 -->
        <test-method status="PASS" signature="runMessage4()[pri:0, instance:com.Calculator.Test.TestUnit@6f7fd0e6]" name="runMessage4" is-config="true" duration-ms="0" started-at="2021-03-09T04:04:48Z" finished-at="2021-03-09T04:04:48Z">
          <reporter-output>
          </reporter-output>
        </test-method> <!-- runMessage4 -->
        <test-method status="PASS" signature="runMessage3()[pri:0, instance:com.Calculator.Test.TestUnit@6f7fd0e6]" name="runMessage3" is-config="true" duration-ms="0" started-at="2021-03-09T04:04:48Z" finished-at="2021-03-09T04:04:48Z">
          <reporter-output>
          </reporter-output>
        </test-method> <!-- runMessage3 -->
      </class> <!-- com.Calculator.Test.TestUnit -->
    </test> <!-- Two Parameter -->
    <test name="one null value" duration-ms="4" started-at="2021-03-09T04:04:48Z" finished-at="2021-03-09T04:04:48Z">
      <class name="com.Calculator.Test.TestUnit">
        <test-method status="PASS" signature="runOnce()[pri:0, instance:com.Calculator.Test.TestUnit@239963d8]" name="runOnce" is-config="true" duration-ms="9" started-at="2021-03-09T04:04:48Z" finished-at="2021-03-09T04:04:48Z">
          <reporter-output>
          </reporter-output>
        </test-method> <!-- runOnce -->
        <test-method status="PASS" signature="runOnceClass()[pri:0, instance:com.Calculator.Test.TestUnit@239963d8]" name="runOnceClass" is-config="true" duration-ms="0" started-at="2021-03-09T04:04:48Z" finished-at="2021-03-09T04:04:48Z">
          <reporter-output>
          </reporter-output>
        </test-method> <!-- runOnceClass -->
        <test-method status="PASS" signature="runMessage3()[pri:0, instance:com.Calculator.Test.TestUnit@239963d8]" name="runMessage3" is-config="true" duration-ms="0" started-at="2021-03-09T04:04:48Z" finished-at="2021-03-09T04:04:48Z">
          <reporter-output>
          </reporter-output>
        </test-method> <!-- runMessage3 -->
        <test-method status="PASS" signature="initialize()[pri:0, instance:com.Calculator.Test.TestUnit@239963d8]" name="initialize" is-config="true" duration-ms="0" started-at="2021-03-09T04:04:48Z" finished-at="2021-03-09T04:04:48Z">
          <reporter-output>
          </reporter-output>
        </test-method> <!-- initialize -->
        <test-method status="PASS" signature="runMessage4()[pri:0, instance:com.Calculator.Test.TestUnit@239963d8]" name="runMessage4" is-config="true" duration-ms="0" started-at="2021-03-09T04:04:48Z" finished-at="2021-03-09T04:04:48Z">
          <reporter-output>
          </reporter-output>
        </test-method> <!-- runMessage4 -->
        <test-method status="PASS" signature="runMessage2()[pri:0, instance:com.Calculator.Test.TestUnit@239963d8]" name="runMessage2" is-config="true" duration-ms="0" started-at="2021-03-09T04:04:48Z" finished-at="2021-03-09T04:04:48Z">
          <reporter-output>
          </reporter-output>
        </test-method> <!-- runMessage2 -->
        <test-method status="PASS" signature="Testnull(java.lang.Integer, java.lang.Integer)[pri:0, instance:com.Calculator.Test.TestUnit@239963d8]" name="Testnull" duration-ms="1" started-at="2021-03-09T04:04:48Z" finished-at="2021-03-09T04:04:48Z">
          <params>
            <param index="0">
              <value>
                <![CDATA[1]]>
              </value>
            </param>
            <param index="1">
              <value is-null="true"/>
            </param>
          </params>
          <reporter-output>
          </reporter-output>
        </test-method> <!-- Testnull -->
        <test-method status="PASS" signature="runMessage1()[pri:0, instance:com.Calculator.Test.TestUnit@239963d8]" name="runMessage1" is-config="true" duration-ms="0" started-at="2021-03-09T04:04:48Z" finished-at="2021-03-09T04:04:48Z">
          <reporter-output>
          </reporter-output>
        </test-method> <!-- runMessage1 -->
        <test-method status="PASS" signature="runLast()[pri:0, instance:com.Calculator.Test.TestUnit@239963d8]" name="runLast" is-config="true" duration-ms="1" started-at="2021-03-09T04:04:48Z" finished-at="2021-03-09T04:04:48Z">
          <reporter-output>
          </reporter-output>
        </test-method> <!-- runLast -->
      </class> <!-- com.Calculator.Test.TestUnit -->
    </test> <!-- one null value -->
  </suite> <!-- Calculator null -->
</testng-results>
