<?xml version="1.0" encoding="UTF-8"?>
<testng-results skipped="0" failed="0" ignored="12" total="18" passed="6">
  <reporter-output>
  </reporter-output>
  <suite name="Calculator" duration-ms="99" started-at="2021-03-09T03:29:34Z" finished-at="2021-03-09T03:29:34Z">
    <groups>
    </groups>
    <test name="Two Parameter" duration-ms="25" started-at="2021-03-09T03:29:34Z" finished-at="2021-03-09T03:29:34Z">
      <class name="com.Calculator.Test.TestUnit">
        <test-method status="PASS" signature="runOnceClass()[pri:0, instance:com.Calculator.Test.TestUnit@61832929]" name="runOnceClass" is-config="true" duration-ms="0" started-at="2021-03-09T03:29:34Z" finished-at="2021-03-09T03:29:34Z">
          <reporter-output>
          </reporter-output>
        </test-method> <!-- runOnceClass -->
        <test-method status="PASS" signature="runMessage1()[pri:0, instance:com.Calculator.Test.TestUnit@61832929]" name="runMessage1" is-config="true" duration-ms="0" started-at="2021-03-09T03:29:34Z" finished-at="2021-03-09T03:29:34Z">
          <reporter-output>
          </reporter-output>
        </test-method> <!-- runMessage1 -->
        <test-method status="PASS" signature="runMessage2()[pri:0, instance:com.Calculator.Test.TestUnit@61832929]" name="runMessage2" is-config="true" duration-ms="1" started-at="2021-03-09T03:29:34Z" finished-at="2021-03-09T03:29:34Z">
          <reporter-output>
          </reporter-output>
        </test-method> <!-- runMessage2 -->
        <test-method status="PASS" signature="runMessage3()[pri:0, instance:com.Calculator.Test.TestUnit@61832929]" name="runMessage3" is-config="true" duration-ms="0" started-at="2021-03-09T03:29:34Z" finished-at="2021-03-09T03:29:34Z">
          <reporter-output>
          </reporter-output>
        </test-method> <!-- runMessage3 -->
        <test-method status="PASS" signature="runMessage4()[pri:0, instance:com.Calculator.Test.TestUnit@61832929]" name="runMessage4" is-config="true" duration-ms="0" started-at="2021-03-09T03:29:34Z" finished-at="2021-03-09T03:29:34Z">
          <reporter-output>
          </reporter-output>
        </test-method> <!-- runMessage4 -->
        <test-method status="PASS" signature="Test1(int, int)[pri:0, instance:com.Calculator.Test.TestUnit@61832929]" name="Test1" duration-ms="6" started-at="2021-03-09T03:29:34Z" finished-at="2021-03-09T03:29:34Z">
          <params>
            <param index="0">
              <value>
                <![CDATA[1]]>
              </value>
            </param>
            <param index="1">
              <value>
                <![CDATA[2]]>
              </value>
            </param>
          </params>
          <reporter-output>
          </reporter-output>
        </test-method> <!-- Test1 -->
      </class> <!-- com.Calculator.Test.TestUnit -->
    </test> <!-- Two Parameter -->
    <test name="one null value" duration-ms="5" started-at="2021-03-09T03:29:34Z" finished-at="2021-03-09T03:29:34Z">
      <class name="com.Calculator.Test.TestUnit">
        <test-method status="PASS" signature="runOnceClass()[pri:0, instance:com.Calculator.Test.TestUnit@77cd7a0]" name="runOnceClass" is-config="true" duration-ms="0" started-at="2021-03-09T03:29:34Z" finished-at="2021-03-09T03:29:34Z">
          <reporter-output>
          </reporter-output>
        </test-method> <!-- runOnceClass -->
        <test-method status="PASS" signature="runMessage1()[pri:0, instance:com.Calculator.Test.TestUnit@77cd7a0]" name="runMessage1" is-config="true" duration-ms="0" started-at="2021-03-09T03:29:34Z" finished-at="2021-03-09T03:29:34Z">
          <reporter-output>
          </reporter-output>
        </test-method> <!-- runMessage1 -->
        <test-method status="PASS" signature="runMessage3()[pri:0, instance:com.Calculator.Test.TestUnit@77cd7a0]" name="runMessage3" is-config="true" duration-ms="0" started-at="2021-03-09T03:29:34Z" finished-at="2021-03-09T03:29:34Z">
          <reporter-output>
          </reporter-output>
        </test-method> <!-- runMessage3 -->
        <test-method status="PASS" signature="runMessage2()[pri:0, instance:com.Calculator.Test.TestUnit@77cd7a0]" name="runMessage2" is-config="true" duration-ms="0" started-at="2021-03-09T03:29:34Z" finished-at="2021-03-09T03:29:34Z">
          <reporter-output>
          </reporter-output>
        </test-method> <!-- runMessage2 -->
        <test-method status="PASS" signature="runMessage4()[pri:0, instance:com.Calculator.Test.TestUnit@77cd7a0]" name="runMessage4" is-config="true" duration-ms="0" started-at="2021-03-09T03:29:34Z" finished-at="2021-03-09T03:29:34Z">
          <reporter-output>
          </reporter-output>
        </test-method> <!-- runMessage4 -->
        <test-method status="PASS" signature="Testnull(java.lang.Integer, java.lang.Integer)[pri:0, instance:com.Calculator.Test.TestUnit@77cd7a0]" name="Testnull" duration-ms="0" started-at="2021-03-09T03:29:34Z" finished-at="2021-03-09T03:29:34Z">
          <params>
            <param index="0">
              <value>
                <![CDATA[1]]>
              </value>
            </param>
            <param index="1">
              <value is-null="true"/>
            </param>
          </params>
          <reporter-output>
          </reporter-output>
        </test-method> <!-- Testnull -->
      </class> <!-- com.Calculator.Test.TestUnit -->
    </test> <!-- one null value -->
    <test name="all test" duration-ms="18" started-at="2021-03-09T03:29:34Z" finished-at="2021-03-09T03:29:34Z">
      <class name="com.Calculator.Test.TestUnit">
        <test-method status="PASS" signature="runOnce()[pri:0, instance:com.Calculator.Test.TestUnit@464bee09]" name="runOnce" is-config="true" duration-ms="9" started-at="2021-03-09T03:29:34Z" finished-at="2021-03-09T03:29:34Z">
          <reporter-output>
          </reporter-output>
        </test-method> <!-- runOnce -->
        <test-method status="PASS" signature="runOnceClass()[pri:0, instance:com.Calculator.Test.TestUnit@464bee09]" name="runOnceClass" is-config="true" duration-ms="0" started-at="2021-03-09T03:29:34Z" finished-at="2021-03-09T03:29:34Z">
          <reporter-output>
          </reporter-output>
        </test-method> <!-- runOnceClass -->
        <test-method status="PASS" signature="runMessage1()[pri:0, instance:com.Calculator.Test.TestUnit@464bee09]" name="runMessage1" is-config="true" duration-ms="0" started-at="2021-03-09T03:29:34Z" finished-at="2021-03-09T03:29:34Z">
          <reporter-output>
          </reporter-output>
        </test-method> <!-- runMessage1 -->
        <test-method status="PASS" signature="runMessage2()[pri:0, instance:com.Calculator.Test.TestUnit@464bee09]" name="runMessage2" is-config="true" duration-ms="1" started-at="2021-03-09T03:29:34Z" finished-at="2021-03-09T03:29:34Z">
          <reporter-output>
          </reporter-output>
        </test-method> <!-- runMessage2 -->
        <test-method status="PASS" signature="runMessage4()[pri:0, instance:com.Calculator.Test.TestUnit@464bee09]" name="runMessage4" is-config="true" duration-ms="0" started-at="2021-03-09T03:29:34Z" finished-at="2021-03-09T03:29:34Z">
          <reporter-output>
          </reporter-output>
        </test-method> <!-- runMessage4 -->
        <test-method status="PASS" signature="Test()[pri:0, instance:com.Calculator.Test.TestUnit@464bee09]" name="Test" duration-ms="0" started-at="2021-03-09T03:29:34Z" finished-at="2021-03-09T03:29:34Z">
          <reporter-output>
          </reporter-output>
        </test-method> <!-- Test -->
        <test-method status="PASS" signature="runMessage3()[pri:0, instance:com.Calculator.Test.TestUnit@464bee09]" name="runMessage3" is-config="true" duration-ms="0" started-at="2021-03-09T03:29:34Z" finished-at="2021-03-09T03:29:34Z">
          <reporter-output>
          </reporter-output>
        </test-method> <!-- runMessage3 -->
        <test-method status="PASS" signature="runMessage1()[pri:0, instance:com.Calculator.Test.TestUnit@464bee09]" name="runMessage1" is-config="true" duration-ms="1" started-at="2021-03-09T03:29:34Z" finished-at="2021-03-09T03:29:34Z">
          <reporter-output>
          </reporter-output>
        </test-method> <!-- runMessage1 -->
        <test-method status="PASS" signature="runMessage4()[pri:0, instance:com.Calculator.Test.TestUnit@464bee09]" name="runMessage4" is-config="true" duration-ms="0" started-at="2021-03-09T03:29:34Z" finished-at="2021-03-09T03:29:34Z">
          <reporter-output>
          </reporter-output>
        </test-method> <!-- runMessage4 -->
        <test-method status="PASS" signature="runMessage2()[pri:0, instance:com.Calculator.Test.TestUnit@464bee09]" name="runMessage2" is-config="true" duration-ms="0" started-at="2021-03-09T03:29:34Z" finished-at="2021-03-09T03:29:34Z">
          <reporter-output>
          </reporter-output>
        </test-method> <!-- runMessage2 -->
        <test-method status="PASS" signature="Test2()[pri:0, instance:com.Calculator.Test.TestUnit@464bee09]" name="Test2" duration-ms="1" started-at="2021-03-09T03:29:34Z" finished-at="2021-03-09T03:29:34Z">
          <reporter-output>
          </reporter-output>
        </test-method> <!-- Test2 -->
        <test-method status="PASS" signature="runMessage3()[pri:0, instance:com.Calculator.Test.TestUnit@464bee09]" name="runMessage3" is-config="true" duration-ms="0" started-at="2021-03-09T03:29:34Z" finished-at="2021-03-09T03:29:34Z">
          <reporter-output>
          </reporter-output>
        </test-method> <!-- runMessage3 -->
        <test-method status="PASS" signature="runMessage1()[pri:0, instance:com.Calculator.Test.TestUnit@464bee09]" name="runMessage1" is-config="true" duration-ms="0" started-at="2021-03-09T03:29:34Z" finished-at="2021-03-09T03:29:34Z">
          <reporter-output>
          </reporter-output>
        </test-method> <!-- runMessage1 -->
        <test-method status="PASS" signature="runMessage2()[pri:0, instance:com.Calculator.Test.TestUnit@464bee09]" name="runMessage2" is-config="true" duration-ms="0" started-at="2021-03-09T03:29:34Z" finished-at="2021-03-09T03:29:34Z">
          <reporter-output>
          </reporter-output>
        </test-method> <!-- runMessage2 -->
        <test-method status="PASS" signature="runMessage4()[pri:0, instance:com.Calculator.Test.TestUnit@464bee09]" name="runMessage4" is-config="true" duration-ms="6" started-at="2021-03-09T03:29:34Z" finished-at="2021-03-09T03:29:34Z">
          <reporter-output>
          </reporter-output>
        </test-method> <!-- runMessage4 -->
        <test-method status="PASS" signature="runMessage3()[pri:0, instance:com.Calculator.Test.TestUnit@464bee09]" name="runMessage3" is-config="true" duration-ms="0" started-at="2021-03-09T03:29:34Z" finished-at="2021-03-09T03:29:34Z">
          <reporter-output>
          </reporter-output>
        </test-method> <!-- runMessage3 -->
        <test-method status="PASS" signature="Test3()[pri:0, instance:com.Calculator.Test.TestUnit@464bee09]" name="Test3" duration-ms="2" started-at="2021-03-09T03:29:34Z" finished-at="2021-03-09T03:29:34Z">
          <reporter-output>
          </reporter-output>
        </test-method> <!-- Test3 -->
        <test-method status="PASS" signature="runMessage1()[pri:0, instance:com.Calculator.Test.TestUnit@464bee09]" name="runMessage1" is-config="true" duration-ms="0" started-at="2021-03-09T03:29:34Z" finished-at="2021-03-09T03:29:34Z">
          <reporter-output>
          </reporter-output>
        </test-method> <!-- runMessage1 -->
        <test-method status="PASS" signature="runMessage4()[pri:0, instance:com.Calculator.Test.TestUnit@464bee09]" name="runMessage4" is-config="true" duration-ms="0" started-at="2021-03-09T03:29:34Z" finished-at="2021-03-09T03:29:34Z">
          <reporter-output>
          </reporter-output>
        </test-method> <!-- runMessage4 -->
        <test-method status="PASS" signature="TestFalse()[pri:0, instance:com.Calculator.Test.TestUnit@464bee09]" name="TestFalse" duration-ms="1" started-at="2021-03-09T03:29:34Z" finished-at="2021-03-09T03:29:34Z">
          <reporter-output>
          </reporter-output>
        </test-method> <!-- TestFalse -->
        <test-method status="PASS" signature="runMessage3()[pri:0, instance:com.Calculator.Test.TestUnit@464bee09]" name="runMessage3" is-config="true" duration-ms="0" started-at="2021-03-09T03:29:34Z" finished-at="2021-03-09T03:29:34Z">
          <reporter-output>
          </reporter-output>
        </test-method> <!-- runMessage3 -->
        <test-method status="PASS" signature="runMessage2()[pri:0, instance:com.Calculator.Test.TestUnit@464bee09]" name="runMessage2" is-config="true" duration-ms="0" started-at="2021-03-09T03:29:34Z" finished-at="2021-03-09T03:29:34Z">
          <reporter-output>
          </reporter-output>
        </test-method> <!-- runMessage2 -->
        <test-method status="PASS" signature="runLast()[pri:0, instance:com.Calculator.Test.TestUnit@464bee09]" name="runLast" is-config="true" duration-ms="1" started-at="2021-03-09T03:29:34Z" finished-at="2021-03-09T03:29:34Z">
          <reporter-output>
          </reporter-output>
        </test-method> <!-- runLast -->
      </class> <!-- com.Calculator.Test.TestUnit -->
    </test> <!-- all test -->
  </suite> <!-- Calculator -->
</testng-results>
